[38;5;86m[HTTP][0m [37m-->[39m [37mPOST[39m [37m/session[39m [90m{"capabilities":{"alwaysMatch":{"platformName":"Android","appium:deviceName":"Demo","appium:platformVersion":"13.0","appium:automationName":"UiAutomator2","appium:app":"C:\\Users\\Prashant\\Desktop\\appium-webdriverio-cucumber\\app\\andriod\\Android.SauceLabs.Mobile.Sample.app.2.7.1.apk","appium:appActivity":"com.swaglabsmobileapp.MainActivity","appium:appPackage":"com.swaglabsmobileapp","appium:noReset":false,"appium:newCommandTimeout":7200,"appium:fullReset":true},"firstMatch":[{}]},"desiredCapabilities":{"platformName":"Android","appium:deviceName":"Demo","appium:platformVersion":"13.0","appium:automationName":"UiAutomator2","appium:app":"C:\\Users\\Prashant\\Desktop\\appium-webdriverio-cucumber\\app\\andriod\\Android.SauceLabs.Mobile.Sample.app.2.7.1.apk","appium:appActivity":"com.swaglabsmobileapp.MainActivity","appium:appPackage":"com.swaglabsmobileapp","appium:noReset":false,"appium:newCommandTimeout":7200,"appium:fullReset":true}}[39m
[38;5;25m[AppiumDriver@afc5][0m Calling AppiumDriver.createSession() with args: [{"platformName":"Android","appium:deviceName":"Demo","appium:platformVersion":"13.0","appium:automationName":"UiAutomator2","appium:app":"C:\\Users\\Prashant\\Desktop\\appium-webdriverio-cucumber\\app\\andriod\\Android.SauceLabs.Mobile.Sample.app.2.7.1.apk","appium:appActivity":"com.swaglabsmobileapp.MainActivity","appium:appPackage":"com.swaglabsmobileapp","appium:noReset":false,"appium:newCommandTimeout":7200,"appium:fullReset":true},null,{"alwaysMatch":{"platformName":"Android","appium:deviceName":"Demo","appium:platformVersion":"13.0","appium:automationName":"UiAutomator2","appium:app":"C:\\Users\\Prashant\\Desktop\\appium-webdriverio-cucumber\\app\\andriod\\Android.SauceLabs.Mobile.Sample.app.2.7.1.apk","appium:appActivity":"com.swaglabsmobileapp.MainActivity","appium:appPackage":"com.swaglabsmobileapp","appium:noReset":false,"appium:newCommandTimeout":7200,"appium:fullReset":true},"firstMatch":[{}]}]
[38;5;25m[AppiumDriver@afc5][0m Event 'newSessionRequested' logged at 1719046311070 (14:21:51 GMT+0530 (India Standard Time))
[38;5;112m[Appium][0m Attempting to find matching driver for automationName 'UiAutomator2' and platformName 'Android'
[38;5;112m[Appium][0m The 'uiautomator2' driver was installed and matched caps.
[38;5;112m[Appium][0m Will require it at C:\Users\Prashant\Desktop\appium-webdriverio-cucumber\node_modules\appium-uiautomator2-driver
[38;5;112m[Appium][0m Requiring driver at C:\Users\Prashant\Desktop\appium-webdriverio-cucumber\node_modules\appium-uiautomator2-driver\build\index.js
[38;5;25m[AppiumDriver@afc5][0m Appium v2.10.3 creating new AndroidUiautomator2Driver (v3.5.6) session
[38;5;25m[AppiumDriver@afc5][0m Checking BaseDriver versions for Appium and AndroidUiautomator2Driver
[38;5;25m[AppiumDriver@afc5][0m Appium's BaseDriver version is 9.10.3
[38;5;25m[AppiumDriver@afc5][0m AndroidUiautomator2Driver's BaseDriver version is 9.10.3
[38;5;-5m[AndroidUiautomator2Driver@9a1a][0m undefined
[38;5;-5m[AndroidUiautomator2Driver@9a1a][0m Creating session with W3C capabilities: {
  "alwaysMatch": {
    "platformName": "Android",
    "appium:deviceName": "Demo",
    "appium:platformVersion": "13.0",
    "appium:automationName": "UiAutomator2",
    "appium:app": "C:\\Users\\Prashant\\Desktop\\appium-webdriverio-cucumber\\app\\andriod\\Android.SauceLabs.Mobile.Sample.app.2.7.1.apk",
    "appium:appActivity": "com.swaglabsmobileapp.MainActivity",
    "appium:appPackage": "com.swaglabsmobileapp",
    "appium:noReset": false,
    "appium:newCommandTimeout": 7200,
    "appium:fullReset": true
  },
  "firstMatch": [
    {}
  ]
}
[38;5;-5m[AndroidUiautomator2Driver@9a1a][0m Session created with session id: d3cd63a1-1ee6-4d19-be6a-7a0670d1dcb4
[38;5;229m[ADB][0m Found 3 'build-tools' folders under 'C:\Users\Prashant\AppData\Local\Android\Sdk' (newest first):
[38;5;229m[ADB][0m     C:\Users\Prashant\AppData\Local\Android\Sdk\build-tools\34.0.0
[38;5;229m[ADB][0m     C:\Users\Prashant\AppData\Local\Android\Sdk\build-tools\33.0.1
[38;5;229m[ADB][0m     C:\Users\Prashant\AppData\Local\Android\Sdk\build-tools\33.0.0
[38;5;229m[ADB][0m Using 'adb.exe' from 'C:\Users\Prashant\AppData\Local\Android\Sdk\platform-tools\adb.exe'
[38;5;229m[ADB][0m Running 'C:\Users\Prashant\AppData\Local\Android\Sdk\platform-tools\adb.exe -P 5037 start-server'
[38;5;-5m[AndroidUiautomator2Driver@9a1a][0m Retrieving device list
[38;5;229m[ADB][0m Trying to find connected Android devices
[38;5;229m[ADB][0m Getting connected devices
[38;5;229m[ADB][0m Connected devices: [{"udid":"emulator-5554","state":"device"}]
[38;5;-5m[AndroidUiautomator2Driver@9a1a][0m Looking for a device with Android '13.0.0'
[38;5;229m[ADB][0m Setting device id to emulator-5554
[38;5;229m[ADB][0m Getting device platform version
[38;5;229m[ADB][0m Running 'C:\Users\Prashant\AppData\Local\Android\Sdk\platform-tools\adb.exe -P 5037 -s emulator-5554 shell getprop ro.build.version.release'
[38;5;229m[ADB][0m Current device property 'ro.build.version.release': 13
[38;5;-5m[AndroidUiautomator2Driver@9a1a][0m Using device: emulator-5554
[38;5;229m[ADB][0m Using 'adb.exe' from 'C:\Users\Prashant\AppData\Local\Android\Sdk\platform-tools\adb.exe'
[38;5;229m[ADB][0m Running 'C:\Users\Prashant\AppData\Local\Android\Sdk\platform-tools\adb.exe -P 5037 start-server'
[38;5;229m[ADB][0m Setting device id to emulator-5554
[38;5;123m[BaseDriver][0m Using local app 'C:\Users\Prashant\Desktop\appium-webdriverio-cucumber\app\andriod\Android.SauceLabs.Mobile.Sample.app.2.7.1.apk'
[38;5;-5m[AndroidUiautomator2Driver@9a1a][0m Checking whether app is actually present
[38;5;229m[ADB][0m Running 'C:\Users\Prashant\AppData\Local\Android\Sdk\platform-tools\adb.exe -P 5037 -s emulator-5554 shell getprop ro.build.version.sdk'
[38;5;229m[ADB][0m Current device property 'ro.build.version.sdk': 33
[38;5;229m[ADB][0m Getting device platform version
[38;5;229m[ADB][0m Running 'C:\Users\Prashant\AppData\Local\Android\Sdk\platform-tools\adb.exe -P 5037 -s emulator-5554 shell getprop ro.build.version.release'
[38;5;229m[ADB][0m Current device property 'ro.build.version.release': 13
[38;5;229m[ADB][0m Device API level: 33
[38;5;-5m[AndroidUiautomator2Driver@9a1a][0m Relaxing hidden api policy
[38;5;229m[ADB][0m Running 'C:\Users\Prashant\AppData\Local\Android\Sdk\platform-tools\adb.exe -P 5037 -s emulator-5554 shell 'settings put global hidden_api_policy_pre_p_apps 1;settings put global hidden_api_policy_p_apps 1;settings put global hidden_api_policy 1''
[38;5;229m[ADB][0m Running 'C:\Users\Prashant\AppData\Local\Android\Sdk\platform-tools\adb.exe -P 5037 -s emulator-5554 wait-for-device'
[38;5;229m[ADB][0m Running 'C:\Users\Prashant\AppData\Local\Android\Sdk\platform-tools\adb.exe -P 5037 -s emulator-5554 shell echo ping'
[38;5;-5m[AndroidUiautomator2Driver@9a1a][0m Pushing settings apk to the device...
[38;5;229m[ADB][0m Getting package info for 'io.appium.settings'
[38;5;229m[ADB][0m Running 'C:\Users\Prashant\AppData\Local\Android\Sdk\platform-tools\adb.exe -P 5037 -s emulator-5554 shell dumpsys package io.appium.settings'
[38;5;229m[ADB][0m The version name of the installed 'io.appium.settings' is greater or equal to the application version name ('5.12.3' >= '5.12.3')
[38;5;229m[ADB][0m There is no need to install/upgrade 'C:\Users\Prashant\Desktop\appium-webdriverio-cucumber\node_modules\appium-uiautomator2-driver\node_modules\io.appium.settings\apks\settings_apk-debug.apk'
[38;5;229m[ADB][0m Running 'C:\Users\Prashant\AppData\Local\Android\Sdk\platform-tools\adb.exe -P 5037 -s emulator-5554 shell dumpsys activity services io.appium.settings'
[38;5;-5m[AndroidUiautomator2Driver@9a1a][0m io.appium.settings is already running. There is no need to reset its permissions.
[38;5;160m[Logcat][0m Starting logs capture with command: C:\\Users\\Prashant\\AppData\\Local\\Android\\Sdk\\platform-tools\\adb.exe -P 5037 -s emulator-5554 logcat -v threadtime
[38;5;-5m[AndroidUiautomator2Driver@9a1a][0m Forwarding UiAutomator2 Server port 6790 to local port 8200
[38;5;229m[ADB][0m Forwarding system: 8200 to device: 6790
[38;5;229m[ADB][0m Running 'C:\Users\Prashant\AppData\Local\Android\Sdk\platform-tools\adb.exe -P 5037 -s emulator-5554 forward tcp:8200 tcp:6790'
[38;5;229m[ADB][0m Getting package info for 'io.appium.uiautomator2.server'
[38;5;229m[ADB][0m Running 'C:\Users\Prashant\AppData\Local\Android\Sdk\platform-tools\adb.exe -P 5037 -s emulator-5554 shell dumpsys package io.appium.uiautomator2.server'
[38;5;229m[ADB][0m Getting install status for io.appium.uiautomator2.server.test
[38;5;229m[ADB][0m Checking app cert for C:\Users\Prashant\Desktop\appium-webdriverio-cucumber\app\andriod\Android.SauceLabs.Mobile.Sample.app.2.7.1.apk
[38;5;229m[ADB][0m Running 'C:\Users\Prashant\AppData\Local\Android\Sdk\platform-tools\adb.exe -P 5037 -s emulator-5554 shell cmd package list packages'
[38;5;229m[ADB][0m 'io.appium.uiautomator2.server.test' is installed
[38;5;229m[ADB][0m Using 'apksigner.jar' from 'C:\Users\Prashant\AppData\Local\Android\Sdk\build-tools\34.0.0\lib\apksigner.jar'
[38;5;229m[ADB][0m Starting apksigner: 'C:\\Program Files\\Microsoft\\jdk-17.0.8.7-hotspot\\bin\\java.exe' -Xmx1024M -Xss1m -jar C:\\Users\\Prashant\\AppData\\Local\\Android\\Sdk\\build-tools\\34.0.0\\lib\\apksigner.jar verify --print-certs C:\\Users\\Prashant\\Desktop\\appium-webdriverio-cucumber\\app\\andriod\\Android.SauceLabs.Mobile.Sample.app.2.7.1.apk
[38;5;229m[ADB][0m The version name of the installed 'io.appium.uiautomator2.server' is greater or equal to the application version name ('7.0.14' >= '7.0.14')
[38;5;-5m[AndroidUiautomator2Driver@9a1a][0m Server packages status: [{"installState":"sameVersionInstalled","appPath":"C:\\Users\\Prashant\\Desktop\\appium-webdriverio-cucumber\\node_modules\\appium-uiautomator2-driver\\node_modules\\appium-uiautomator2-server\\apks\\appium-uiautomator2-server-v7.0.14.apk","appId":"io.appium.uiautomator2.server"},{"installState":"sameVersionInstalled","appPath":"C:\\Users\\Prashant\\Desktop\\appium-webdriverio-cucumber\\node_modules\\appium-uiautomator2-driver\\node_modules\\appium-uiautomator2-server\\apks\\appium-uiautomator2-server-debug-androidTest.apk","appId":"io.appium.uiautomator2.server.test"}]
[38;5;-5m[AndroidUiautomator2Driver@9a1a][0m Server packages are not going to be (re)installed
[38;5;-5m[AndroidUiautomator2Driver@9a1a][0m Waiting up to 30000ms for services to be available
[38;5;229m[ADB][0m Running 'C:\Users\Prashant\AppData\Local\Android\Sdk\platform-tools\adb.exe -P 5037 -s emulator-5554 shell pm list instrumentation'
[38;5;-5m[AndroidUiautomator2Driver@9a1a][0m Instrumentation target 'io.appium.uiautomator2.server.test/androidx.test.runner.AndroidJUnitRunner' is available
[38;5;229m[ADB][0m Adding packages ["io.appium.settings","io.appium.uiautomator2.server","io.appium.uiautomator2.server.test"] to Doze whitelist
[38;5;229m[ADB][0m Got the following command chunks to execute: [["dumpsys","deviceidle","whitelist","+io.appium.settings",";","dumpsys","deviceidle","whitelist","+io.appium.uiautomator2.server",";","dumpsys","deviceidle","whitelist","+io.appium.uiautomator2.server.test",";"]]
[38;5;229m[ADB][0m Running 'C:\Users\Prashant\AppData\Local\Android\Sdk\platform-tools\adb.exe -P 5037 -s emulator-5554 shell dumpsys deviceidle whitelist +io.appium.settings ; dumpsys deviceidle whitelist +io.appium.uiautomator2.server ; dumpsys deviceidle whitelist +io.appium.uiautomator2.server.test ;'
[38;5;229m[ADB][0m apksigner stdout: Signer #1 certificate DN: CN=wswebcreation, OU=sample-app, O=Sauce Labs, L=San Francisco, ST=California, C=CA
Signer #1 certificate SHA-256 digest: 24fd76156cde9748f50e68dbdafde6498ec4beaa41316438d06ffdde41ce7a3d
Signer #1 certificate SHA-1 digest: 2a1a91b5b813edbd94986bffb8398349b9b504e0
Signer #1 certificate MD5 digest: ac89c8eda61ba1f13ee22bae56d13abc

[38;5;229m[ADB][0m 'C:\Users\Prashant\Desktop\appium-webdriverio-cucumber\app\andriod\Android.SauceLabs.Mobile.Sample.app.2.7.1.apk' is signed with a non-default certificate
[38;5;229m[ADB][0m Uninstalling com.swaglabsmobileapp
[38;5;229m[ADB][0m Getting install status for com.swaglabsmobileapp
[38;5;229m[ADB][0m Running 'C:\Users\Prashant\AppData\Local\Android\Sdk\platform-tools\adb.exe -P 5037 -s emulator-5554 shell cmd package list packages'
[38;5;229m[ADB][0m 'com.swaglabsmobileapp' is not installed
[38;5;229m[ADB][0m com.swaglabsmobileapp was not uninstalled, because it was not present on the device
[38;5;229m[ADB][0m Getting install status for com.swaglabsmobileapp
[38;5;229m[ADB][0m Running 'C:\Users\Prashant\AppData\Local\Android\Sdk\platform-tools\adb.exe -P 5037 -s emulator-5554 shell cmd package list packages'
[38;5;229m[ADB][0m 'com.swaglabsmobileapp' is not installed
[38;5;-5m[AndroidUiautomator2Driver@9a1a][0m Running full reset on 'com.swaglabsmobileapp' (reinstall)
[38;5;229m[ADB][0m Running 'C:\Users\Prashant\AppData\Local\Android\Sdk\platform-tools\adb.exe -P 5037 -s emulator-5554 help'
[38;5;229m[ADB][0m Running 'C:\Users\Prashant\AppData\Local\Android\Sdk\platform-tools\adb.exe -P 5037 -s emulator-5554 features'
[38;5;229m[ADB][0m The application at 'C:\Users\Prashant\Desktop\appium-webdriverio-cucumber\app\andriod\Android.SauceLabs.Mobile.Sample.app.2.7.1.apk' will not be cached, because the device under test has confirmed the support of streamed installs
[38;5;229m[ADB][0m Running 'C:\Users\Prashant\AppData\Local\Android\Sdk\platform-tools\adb.exe -P 5037 -s emulator-5554 install -r C:\Users\Prashant\Desktop\appium-webdriverio-cucumber\app\andriod\Android.SauceLabs.Mobile.Sample.app.2.7.1.apk'
[38;5;229m[ADB][0m The installation of 'Android.SauceLabs.Mobile.Sample.app.2.7.1.apk' took 1394ms
[38;5;229m[ADB][0m Install command stdout: Performing Streamed Install
Success
[38;5;-5m[AndroidUiautomator2Driver@9a1a][0m Performing shallow cleanup of automation leftovers
[38;5;-5m[AndroidUiautomator2Driver@9a1a][0m No obsolete sessions have been detected (socket hang up)
[38;5;229m[ADB][0m Running 'C:\Users\Prashant\AppData\Local\Android\Sdk\platform-tools\adb.exe -P 5037 -s emulator-5554 shell am force-stop io.appium.uiautomator2.server.test'
[38;5;-5m[AndroidUiautomator2Driver@9a1a][0m Starting UIAutomator2 server 7.0.14
[38;5;-5m[AndroidUiautomator2Driver@9a1a][0m Using UIAutomator2 server from 'C:\Users\Prashant\Desktop\appium-webdriverio-cucumber\node_modules\appium-uiautomator2-driver\node_modules\appium-uiautomator2-server\apks\appium-uiautomator2-server-v7.0.14.apk' and test from 'C:\Users\Prashant\Desktop\appium-webdriverio-cucumber\node_modules\appium-uiautomator2-driver\node_modules\appium-uiautomator2-server\apks\appium-uiautomator2-server-debug-androidTest.apk'
[38;5;-5m[AndroidUiautomator2Driver@9a1a][0m Waiting up to 30000ms for UiAutomator2 to be online...
[38;5;229m[ADB][0m Creating ADB subprocess with args: ["-P","5037","-s","emulator-5554","shell","am","instrument","-w","-e","disableAnalytics","true","io.appium.uiautomator2.server.test/androidx.test.runner.AndroidJUnitRunner"]
[38;5;-5m[AndroidUiautomator2Driver@9a1a][0m Matched '/status' to command name 'getStatus'
[38;5;-5m[AndroidUiautomator2Driver@9a1a][0m Proxying [GET /status] to [GET http://127.0.0.1:8200/status] with no body
[38;5;-5m[AndroidUiautomator2Driver@9a1a][0m socket hang up
[38;5;-5m[AndroidUiautomator2Driver@9a1a][0m Matched '/status' to command name 'getStatus'
[38;5;-5m[AndroidUiautomator2Driver@9a1a][0m Proxying [GET /status] to [GET http://127.0.0.1:8200/status] with no body
[38;5;-5m[AndroidUiautomator2Driver@9a1a][0m socket hang up
[38;5;74m[Instrumentation][0m io.appium.uiautomator2.server.test.AppiumUiAutomator2Server:
[38;5;-5m[AndroidUiautomator2Driver@9a1a][0m Matched '/status' to command name 'getStatus'
[38;5;-5m[AndroidUiautomator2Driver@9a1a][0m Proxying [GET /status] to [GET http://127.0.0.1:8200/status] with no body
[38;5;-5m[AndroidUiautomator2Driver@9a1a][0m socket hang up
[38;5;-5m[AndroidUiautomator2Driver@9a1a][0m Matched '/status' to command name 'getStatus'
[38;5;-5m[AndroidUiautomator2Driver@9a1a][0m Proxying [GET /status] to [GET http://127.0.0.1:8200/status] with no body
[38;5;-5m[AndroidUiautomator2Driver@9a1a][0m Got response with status 200: {"sessionId":"None","value":{"message":"UiAutomator2 Server is ready to accept commands","ready":true}}
[38;5;-5m[AndroidUiautomator2Driver@9a1a][0m The initialization of the instrumentation process took 3172ms
[38;5;-5m[AndroidUiautomator2Driver@9a1a][0m Matched '/session' to command name 'createSession'
[38;5;-5m[AndroidUiautomator2Driver@9a1a][0m Proxying [POST /session] to [POST http://127.0.0.1:8200/session] with body: {"capabilities":{"firstMatch":[{"platformName":"Android","deviceName":"emulator-5554","platformVersion":"13.0","automationName":"UiAutomator2","app":"C:\\Users\\Prashant\\Desktop\\appium-webdriverio-cucumber\\app\\andriod\\Android.SauceLabs.Mobile.Sample.app.2.7.1.apk","appActivity":"com.swaglabsmobileapp.MainActivity","appPackage":"com.swaglabsmobileapp","noReset":false,"newCommandTimeout":7200,"fullReset":true,"platform":"LINUX","webStorageEnabled":false,"takesScreenshot":true,"javascriptEnabled":true,"databaseEnabled":false,"networkConnectionEnabled":true,"locationContextEnabled":false,"warnings":{},"desired":{"platformName":"Android","deviceName":"Demo","platformVersion":"13.0","automationName":"UiAutomator2","app":"C:\\Users\\Prashant\\Desktop\\appium-webdriverio-cucumber\\app\\andriod\\Android.SauceLabs.Mobile.Sample.app.2.7.1.apk","appActivity":"com.swaglabsmobileapp.MainActivity","appPackage":"com.swaglabsmobileapp","noReset":false,"newCommandTimeout":7200,"fullReset":true},"deviceUDID":"emulator-5...
[38;5;-5m[AndroidUiautomator2Driver@9a1a][0m Got response with status 200: {"sessionId":"98ae6415-6f3a-4369-b09d-c24e23f4ec41","value":{"capabilities":{"firstMatch":[{"platformName":"Android","deviceName":"emulator-5554","platformVersion":"13.0","automationName":"UiAutomator2","app":"C:\\Users\\Prashant\\Desktop\\appium-webdriverio-cucumber\\app\\andriod\\Android.SauceLabs.Mobile.Sample.app.2.7.1.apk","appActivity":"com.swaglabsmobileapp.MainActivity","appPackage":"com.swaglabsmobileapp","noReset":false,"newCommandTimeout":7200,"fullReset":true,"platform":"LINUX","webStorageEnabled":false,"takesScreenshot":true,"javascriptEnabled":true,"databaseEnabled":false,"networkConnectionEnabled":true,"locationContextEnabled":false,"warnings":{},"desired":{"platformName":"Android","deviceName":"Demo","platformVersion":"13.0","automationName":"UiAutomator2","app":"C:\\Users\\Prashant\\Desktop\\appium-webdriverio-cucumber\\app\\andriod\\Android.SauceLabs.Mobile.Sample.app.2.7.1.apk","appActivity":"com.swaglabsmobileapp.MainActivity","appPackage":"com.swaglabsmobileapp","noReset":false,"newCom...
[38;5;-5m[AndroidUiautomator2Driver@9a1a][0m Determined the downstream protocol as 'W3C'
[38;5;-5m[AndroidUiautomator2Driver@9a1a][0m Proxying [GET /appium/device/pixel_ratio] to [GET http://127.0.0.1:8200/session/98ae6415-6f3a-4369-b09d-c24e23f4ec41/appium/device/pixel_ratio] with no body
[38;5;-5m[AndroidUiautomator2Driver@9a1a][0m Matched '/appium/device/system_bars' to command name 'getSystemBars'
[38;5;-5m[AndroidUiautomator2Driver@9a1a][0m Proxying [GET /appium/device/system_bars] to [GET http://127.0.0.1:8200/session/98ae6415-6f3a-4369-b09d-c24e23f4ec41/appium/device/system_bars] with no body
[38;5;-5m[AndroidUiautomator2Driver@9a1a][0m Matched '/window/current/size' to command name 'getWindowSize'
[38;5;-5m[AndroidUiautomator2Driver@9a1a][0m Proxying [GET /window/current/size] to [GET http://127.0.0.1:8200/session/98ae6415-6f3a-4369-b09d-c24e23f4ec41/window/current/size] with no body
[38;5;-5m[AndroidUiautomator2Driver@9a1a][0m Proxying [GET /appium/device/info] to [GET http://127.0.0.1:8200/session/98ae6415-6f3a-4369-b09d-c24e23f4ec41/appium/device/info] with no body
[38;5;229m[ADB][0m Running 'C:\Users\Prashant\AppData\Local\Android\Sdk\platform-tools\adb.exe -P 5037 -s emulator-5554 shell dumpsys window'
[38;5;229m[ADB][0m Running 'C:\Users\Prashant\AppData\Local\Android\Sdk\platform-tools\adb.exe -P 5037 -s emulator-5554 shell dumpsys power'
[38;5;-5m[AndroidUiautomator2Driver@9a1a][0m Got response with status 200: {"sessionId":"98ae6415-6f3a-4369-b09d-c24e23f4ec41","value":3.5}
[38;5;-5m[AndroidUiautomator2Driver@9a1a][0m Got response with status 200: {"sessionId":"98ae6415-6f3a-4369-b09d-c24e23f4ec41","value":{"statusBar":84}}
[38;5;-5m[AndroidUiautomator2Driver@9a1a][0m Got response with status 200: {"sessionId":"98ae6415-6f3a-4369-b09d-c24e23f4ec41","value":{"height":2560,"width":1440}}
[38;5;-5m[AndroidUiautomator2Driver@9a1a][0m Got response with status 200: {"sessionId":"98ae6415-6f3a-4369-b09d-c24e23f4ec41","value":{"androidId":"0e3d4c233f491685","apiVersion":"33","bluetooth":{"state":"ON"},"brand":"google","carrierName":"T-Mobile","displayDensity":560,"locale":"en_US","manufacturer":"Google","model":"sdk_gphone_x86_64","networks":[{"capabilities":{"SSID":null,"linkDownBandwidthKbps":30000,"linkUpstreamBandwidthKbps":12000,"networkCapabilities":"NET_CAPABILITY_NOT_METERED,NET_CAPABILITY_INTERNET,NET_CAPABILITY_NOT_RESTRICTED,NET_CAPABILITY_TRUSTED,NET_CAPABILITY_NOT_VPN,NET_CAPABILITY_VALIDATED,NET_CAPABILITY_NOT_ROAMING,NET_CAPABILITY_FOREGROUND,NET_CAPABILITY_NOT_CONGESTED,NET_CAPABILITY_NOT_SUSPENDED","signalStrength":-50,"transportTypes":"TRANSPORT_WIFI"},"detailedState":"CONNECTED","extraInfo":"","isAvailable":true,"isConnected":true,"isFailover":false,"isRoaming":false,"state":"CONNECTED","subtype":-1,"subtypeName":"","type":1,"typeName":"WIFI"},{"capabilities":{"SSID":null,"linkDownBandwidthKbps":4300,"linkUpstreamBandwidthKbps":1800,"networkCapabilit...
[38;5;-5m[AndroidUiautomator2Driver@9a1a][0m Screen already unlocked, doing nothing
[38;5;-5m[AndroidUiautomator2Driver@9a1a][0m Starting 'com.swaglabsmobileapp/com.swaglabsmobileapp.MainActivity and waiting for 'com.swaglabsmobileapp/com.swaglabsmobileapp.MainActivity'
[38;5;229m[ADB][0m Running 'C:\Users\Prashant\AppData\Local\Android\Sdk\platform-tools\adb.exe -P 5037 -s emulator-5554 shell am start -W -n com.swaglabsmobileapp/com.swaglabsmobileapp.MainActivity -S -a android.intent.action.MAIN -c android.intent.category.LAUNCHER -f 0x10200000'
[38;5;25m[AppiumDriver@afc5][0m New AndroidUiautomator2Driver session created successfully, session d3cd63a1-1ee6-4d19-be6a-7a0670d1dcb4 added to master session list
[38;5;25m[AppiumDriver@afc5][0m Event 'newSessionStarted' logged at 1719046319730 (14:21:59 GMT+0530 (India Standard Time))
[38;5;-5m[AndroidUiautomator2Driver@9a1a][0m Cached the protocol value 'W3C' for the new session d3cd63a1-1ee6-4d19-be6a-7a0670d1dcb4
[38;5;-5m[AndroidUiautomator2Driver@9a1a][0m Responding to client with driver.createSession() result: {"capabilities":{"platformName":"Android","deviceName":"emulator-5554","platformVersion":"13","automationName":"UiAutomator2","app":"C:\\Users\\Prashant\\Desktop\\appium-webdriverio-cucumber\\app\\andriod\\Android.SauceLabs.Mobile.Sample.app.2.7.1.apk","appActivity":"com.swaglabsmobileapp.MainActivity","appPackage":"com.swaglabsmobileapp","noReset":false,"newCommandTimeout":7200,"fullReset":true,"platform":"LINUX","webStorageEnabled":false,"takesScreenshot":true,"javascriptEnabled":true,"databaseEnabled":false,"networkConnectionEnabled":true,"locationContextEnabled":false,"warnings":{},"desired":{"platformName":"Android","deviceName":"Demo","platformVersion":"13.0","automationName":"UiAutomator2","app":"C:\\Users\\Prashant\\Desktop\\appium-webdriverio-cucumber\\app\\andriod\\Android.SauceLabs.Mobile.Sample.app.2.7.1.apk","appActivity":"com.swaglabsmobileapp.MainActivity","appPackage":"com.swaglabsmobileapp","noReset":false,"newCommandTimeout":7200,"fullReset":true},"deviceUDID":"emulator-5554","pixelRatio"...
[38;5;86m[HTTP][0m [37m<-- POST /session [39m[32m200[39m [90m8668 ms - 1312[39m [90m[39m
[38;5;133m[d3cd63a1][0m[38;5;86m[HTTP][0m [37m-->[39m [37mPOST[39m [37m/session/d3cd63a1-1ee6-4d19-be6a-7a0670d1dcb4/element[39m [90m{"using":"accessibility id","value":"test-Username"}[39m
[38;5;133m[d3cd63a1][0m[38;5;-5m[AndroidUiautomator2Driver@9a1a][0m Calling AppiumDriver.findElement() with args: ["accessibility id","test-Username","d3cd63a1-1ee6-4d19-be6a-7a0670d1dcb4"]
[38;5;133m[d3cd63a1][0m[38;5;-5m[AndroidUiautomator2Driver@9a1a][0m Valid locator strategies for this request: xpath, id, class name, accessibility id, css selector, -android uiautomator
[38;5;133m[d3cd63a1][0m[38;5;-5m[AndroidUiautomator2Driver@9a1a][0m Waiting up to 0 ms for condition
[38;5;133m[d3cd63a1][0m[38;5;-5m[AndroidUiautomator2Driver@9a1a][0m Matched '/element' to command name 'findElement'
[38;5;133m[d3cd63a1][0m[38;5;-5m[AndroidUiautomator2Driver@9a1a][0m Proxying [POST /element] to [POST http://127.0.0.1:8200/session/98ae6415-6f3a-4369-b09d-c24e23f4ec41/element] with body: {"strategy":"accessibility id","selector":"test-Username","context":"","multiple":false}
[38;5;133m[d3cd63a1][0m[38;5;-5m[AndroidUiautomator2Driver@9a1a][0m Got response with status 404: {"sessionId":"98ae6415-6f3a-4369-b09d-c24e23f4ec41","value":{"error":"no such element","message":"An element could not be located on the page using the given search parameters","stacktrace":"io.appium.uiautomator2.common.exceptions.ElementNotFoundException: An element could not be located on the page using the given search parameters\n\tat io.appium.uiautomator2.handler.FindElement.safeHandle(FindElement.java:63)\n\tat io.appium.uiautomator2.handler.request.SafeRequestHandler.handle(SafeRequestHandler.java:59)\n\tat io.appium.uiautomator2.server.AppiumServlet.handleRequest(AppiumServlet.java:259)\n\tat io.appium.uiautomator2.server.AppiumServlet.handleHttpRequest(AppiumServlet.java:253)\n\tat io.appium.uiautomator2.http.ServerHandler.channelRead(ServerHandler.java:77)\n\tat io.netty.channel.AbstractChannelHandlerContext.invokeChannelRead(AbstractChannelHandlerContext.java:366)\n\tat io.netty.channel.AbstractChannelHandlerContext.invokeChannelRead(AbstractChannelHandlerContext.java:352)\n\tat io.netty.chann...
[38;5;133m[d3cd63a1][0m[38;5;123m[W3C][0m Matched W3C error code 'no such element' to NoSuchElementError
[38;5;133m[d3cd63a1][0m[38;5;-5m[AndroidUiautomator2Driver@9a1a][0m Encountered internal error running command: NoSuchElementError: An element could not be located on the page using the given search parameters.
    at AndroidUiautomator2Driver.findElOrEls (C:\Users\Prashant\Desktop\appium-webdriverio-cucumber\node_modules\appium-uiautomator2-driver\node_modules\appium-android-driver\lib\commands\find.ts:86:11)
    at processTicksAndRejections (node:internal/process/task_queues:95:5)
    at AndroidUiautomator2Driver.findElOrElsWithProcessing (C:\Users\Prashant\Desktop\appium-webdriverio-cucumber\node_modules\appium-uiautomator2-driver\node_modules\@appium\base-driver\lib\basedriver\commands\find.ts:60:12)
    at AndroidUiautomator2Driver.findElement (C:\Users\Prashant\Desktop\appium-webdriverio-cucumber\node_modules\appium-uiautomator2-driver\node_modules\@appium\base-driver\lib\basedriver\commands\find.ts:75:12)
[38;5;133m[d3cd63a1][0m[38;5;86m[HTTP][0m [37m<-- POST /session/d3cd63a1-1ee6-4d19-be6a-7a0670d1dcb4/element [39m[33m404[39m [90m296 ms - 998[39m [90m[39m
[38;5;133m[d3cd63a1][0m[38;5;86m[HTTP][0m [37m-->[39m [37mPOST[39m [37m/session/d3cd63a1-1ee6-4d19-be6a-7a0670d1dcb4/elements[39m [90m{"using":"accessibility id","value":"test-Username"}[39m
[38;5;133m[d3cd63a1][0m[38;5;-5m[AndroidUiautomator2Driver@9a1a][0m Calling AppiumDriver.findElements() with args: ["accessibility id","test-Username","d3cd63a1-1ee6-4d19-be6a-7a0670d1dcb4"]
[38;5;133m[d3cd63a1][0m[38;5;-5m[AndroidUiautomator2Driver@9a1a][0m Valid locator strategies for this request: xpath, id, class name, accessibility id, css selector, -android uiautomator
[38;5;133m[d3cd63a1][0m[38;5;-5m[AndroidUiautomator2Driver@9a1a][0m Waiting up to 0 ms for condition
[38;5;133m[d3cd63a1][0m[38;5;-5m[AndroidUiautomator2Driver@9a1a][0m Matched '/elements' to command name 'findElements'
[38;5;133m[d3cd63a1][0m[38;5;-5m[AndroidUiautomator2Driver@9a1a][0m Proxying [POST /elements] to [POST http://127.0.0.1:8200/session/98ae6415-6f3a-4369-b09d-c24e23f4ec41/elements] with body: {"strategy":"accessibility id","selector":"test-Username","context":"","multiple":true}
[38;5;133m[d3cd63a1][0m[38;5;-5m[AndroidUiautomator2Driver@9a1a][0m Got response with status 200: {"sessionId":"98ae6415-6f3a-4369-b09d-c24e23f4ec41","value":[]}
[38;5;133m[d3cd63a1][0m[38;5;-5m[AndroidUiautomator2Driver@9a1a][0m Responding to client with driver.findElements() result: []
[38;5;133m[d3cd63a1][0m[38;5;86m[HTTP][0m [37m<-- POST /session/d3cd63a1-1ee6-4d19-be6a-7a0670d1dcb4/elements [39m[32m200[39m [90m46 ms - 12[39m [90m[39m
[38;5;133m[d3cd63a1][0m[38;5;86m[HTTP][0m [37m-->[39m [37mPOST[39m [37m/session/d3cd63a1-1ee6-4d19-be6a-7a0670d1dcb4/elements[39m [90m{"using":"accessibility id","value":"test-Username"}[39m
[38;5;133m[d3cd63a1][0m[38;5;-5m[AndroidUiautomator2Driver@9a1a][0m Calling AppiumDriver.findElements() with args: ["accessibility id","test-Username","d3cd63a1-1ee6-4d19-be6a-7a0670d1dcb4"]
[38;5;133m[d3cd63a1][0m[38;5;-5m[AndroidUiautomator2Driver@9a1a][0m Valid locator strategies for this request: xpath, id, class name, accessibility id, css selector, -android uiautomator
[38;5;133m[d3cd63a1][0m[38;5;-5m[AndroidUiautomator2Driver@9a1a][0m Waiting up to 0 ms for condition
[38;5;133m[d3cd63a1][0m[38;5;-5m[AndroidUiautomator2Driver@9a1a][0m Matched '/elements' to command name 'findElements'
[38;5;133m[d3cd63a1][0m[38;5;-5m[AndroidUiautomator2Driver@9a1a][0m Proxying [POST /elements] to [POST http://127.0.0.1:8200/session/98ae6415-6f3a-4369-b09d-c24e23f4ec41/elements] with body: {"strategy":"accessibility id","selector":"test-Username","context":"","multiple":true}
[38;5;133m[d3cd63a1][0m[38;5;-5m[AndroidUiautomator2Driver@9a1a][0m Got response with status 200: {"sessionId":"98ae6415-6f3a-4369-b09d-c24e23f4ec41","value":[{"ELEMENT":"00000000-0000-0061-ffff-ffff0000002b","element-6066-11e4-a52e-4f735466cecf":"00000000-0000-0061-ffff-ffff0000002b"}]}
[38;5;133m[d3cd63a1][0m[38;5;-5m[AndroidUiautomator2Driver@9a1a][0m Responding to client with driver.findElements() result: [{"element-6066-11e4-a52e-4f735466cecf":"00000000-0000-0061-ffff-ffff0000002b","ELEMENT":"00000000-0000-0061-ffff-ffff0000002b"}]
[38;5;133m[d3cd63a1][0m[38;5;86m[HTTP][0m [37m<-- POST /session/d3cd63a1-1ee6-4d19-be6a-7a0670d1dcb4/elements [39m[32m200[39m [90m634 ms - 139[39m [90m[39m
[38;5;133m[d3cd63a1][0m[38;5;86m[HTTP][0m [37m-->[39m [37mPOST[39m [37m/session/d3cd63a1-1ee6-4d19-be6a-7a0670d1dcb4/element[39m [90m{"using":"accessibility id","value":"test-Username"}[39m
[38;5;133m[d3cd63a1][0m[38;5;-5m[AndroidUiautomator2Driver@9a1a][0m Calling AppiumDriver.findElement() with args: ["accessibility id","test-Username","d3cd63a1-1ee6-4d19-be6a-7a0670d1dcb4"]
[38;5;133m[d3cd63a1][0m[38;5;-5m[AndroidUiautomator2Driver@9a1a][0m Valid locator strategies for this request: xpath, id, class name, accessibility id, css selector, -android uiautomator
[38;5;133m[d3cd63a1][0m[38;5;-5m[AndroidUiautomator2Driver@9a1a][0m Waiting up to 0 ms for condition
[38;5;133m[d3cd63a1][0m[38;5;-5m[AndroidUiautomator2Driver@9a1a][0m Matched '/element' to command name 'findElement'
[38;5;133m[d3cd63a1][0m[38;5;-5m[AndroidUiautomator2Driver@9a1a][0m Proxying [POST /element] to [POST http://127.0.0.1:8200/session/98ae6415-6f3a-4369-b09d-c24e23f4ec41/element] with body: {"strategy":"accessibility id","selector":"test-Username","context":"","multiple":false}
[38;5;133m[d3cd63a1][0m[38;5;-5m[AndroidUiautomator2Driver@9a1a][0m Got response with status 200: {"sessionId":"98ae6415-6f3a-4369-b09d-c24e23f4ec41","value":{"ELEMENT":"00000000-0000-0061-ffff-ffff0000002b","element-6066-11e4-a52e-4f735466cecf":"00000000-0000-0061-ffff-ffff0000002b"}}
[38;5;133m[d3cd63a1][0m[38;5;-5m[AndroidUiautomator2Driver@9a1a][0m Responding to client with driver.findElement() result: {"element-6066-11e4-a52e-4f735466cecf":"00000000-0000-0061-ffff-ffff0000002b","ELEMENT":"00000000-0000-0061-ffff-ffff0000002b"}
[38;5;133m[d3cd63a1][0m[38;5;86m[HTTP][0m [37m<-- POST /session/d3cd63a1-1ee6-4d19-be6a-7a0670d1dcb4/element [39m[32m200[39m [90m28 ms - 137[39m [90m[39m
[38;5;133m[d3cd63a1][0m[38;5;86m[HTTP][0m [37m-->[39m [37mPOST[39m [37m/session/d3cd63a1-1ee6-4d19-be6a-7a0670d1dcb4/element/00000000-0000-0061-ffff-ffff0000002b/clear[39m [90m{}[39m
[38;5;133m[d3cd63a1][0m[38;5;-5m[AndroidUiautomator2Driver@9a1a][0m Calling AppiumDriver.clear() with args: ["00000000-0000-0061-ffff-ffff0000002b","d3cd63a1-1ee6-4d19-be6a-7a0670d1dcb4"]
[38;5;133m[d3cd63a1][0m[38;5;-5m[AndroidUiautomator2Driver@9a1a][0m Matched '/element/00000000-0000-0061-ffff-ffff0000002b/clear' to command name 'clear'
[38;5;133m[d3cd63a1][0m[38;5;-5m[AndroidUiautomator2Driver@9a1a][0m Proxying [POST /element/00000000-0000-0061-ffff-ffff0000002b/clear] to [POST http://127.0.0.1:8200/session/98ae6415-6f3a-4369-b09d-c24e23f4ec41/element/00000000-0000-0061-ffff-ffff0000002b/clear] with body: {"elementId":"00000000-0000-0061-ffff-ffff0000002b"}
[38;5;133m[d3cd63a1][0m[38;5;-5m[AndroidUiautomator2Driver@9a1a][0m Got response with status 200: {"sessionId":"98ae6415-6f3a-4369-b09d-c24e23f4ec41","value":null}
[38;5;133m[d3cd63a1][0m[38;5;-5m[AndroidUiautomator2Driver@9a1a][0m Responding to client with driver.clear() result: null
[38;5;133m[d3cd63a1][0m[38;5;86m[HTTP][0m [37m<-- POST /session/d3cd63a1-1ee6-4d19-be6a-7a0670d1dcb4/element/00000000-0000-0061-ffff-ffff0000002b/clear [39m[32m200[39m [90m24 ms - 14[39m [90m[39m
[38;5;133m[d3cd63a1][0m[38;5;86m[HTTP][0m [37m-->[39m [37mPOST[39m [37m/session/d3cd63a1-1ee6-4d19-be6a-7a0670d1dcb4/element/00000000-0000-0061-ffff-ffff0000002b/value[39m [90m{"text":"standard_user"}[39m
[38;5;133m[d3cd63a1][0m[38;5;-5m[AndroidUiautomator2Driver@9a1a][0m Calling AppiumDriver.setValue() with args: ["standard_user","00000000-0000-0061-ffff-ffff0000002b","d3cd63a1-1ee6-4d19-be6a-7a0670d1dcb4"]
[38;5;133m[d3cd63a1][0m[38;5;-5m[AndroidUiautomator2Driver@9a1a][0m Matched '/element/00000000-0000-0061-ffff-ffff0000002b/value' to command name 'setValue'
[38;5;133m[d3cd63a1][0m[38;5;-5m[AndroidUiautomator2Driver@9a1a][0m Added 'value' property ["s","t","a","n","d","a","r","d","_","u","s","e","r"] to 'setValue' request body
[38;5;133m[d3cd63a1][0m[38;5;-5m[AndroidUiautomator2Driver@9a1a][0m Proxying [POST /element/00000000-0000-0061-ffff-ffff0000002b/value] to [POST http://127.0.0.1:8200/session/98ae6415-6f3a-4369-b09d-c24e23f4ec41/element/00000000-0000-0061-ffff-ffff0000002b/value] with body: {"elementId":"00000000-0000-0061-ffff-ffff0000002b","text":"standard_user","replace":false,"value":["s","t","a","n","d","a","r","d","_","u","s","e","r"]}
[38;5;133m[d3cd63a1][0m[38;5;-5m[AndroidUiautomator2Driver@9a1a][0m Got response with status 200: {"sessionId":"98ae6415-6f3a-4369-b09d-c24e23f4ec41","value":null}
[38;5;133m[d3cd63a1][0m[38;5;-5m[AndroidUiautomator2Driver@9a1a][0m Responding to client with driver.setValue() result: null
[38;5;133m[d3cd63a1][0m[38;5;86m[HTTP][0m [37m<-- POST /session/d3cd63a1-1ee6-4d19-be6a-7a0670d1dcb4/element/00000000-0000-0061-ffff-ffff0000002b/value [39m[32m200[39m [90m1009 ms - 14[39m [90m[39m
[38;5;133m[d3cd63a1][0m[38;5;86m[HTTP][0m [37m-->[39m [37mPOST[39m [37m/session/d3cd63a1-1ee6-4d19-be6a-7a0670d1dcb4/element[39m [90m{"using":"accessibility id","value":"test-Password"}[39m
[38;5;133m[d3cd63a1][0m[38;5;-5m[AndroidUiautomator2Driver@9a1a][0m Calling AppiumDriver.findElement() with args: ["accessibility id","test-Password","d3cd63a1-1ee6-4d19-be6a-7a0670d1dcb4"]
[38;5;133m[d3cd63a1][0m[38;5;-5m[AndroidUiautomator2Driver@9a1a][0m Valid locator strategies for this request: xpath, id, class name, accessibility id, css selector, -android uiautomator
[38;5;133m[d3cd63a1][0m[38;5;-5m[AndroidUiautomator2Driver@9a1a][0m Waiting up to 0 ms for condition
[38;5;133m[d3cd63a1][0m[38;5;-5m[AndroidUiautomator2Driver@9a1a][0m Matched '/element' to command name 'findElement'
[38;5;133m[d3cd63a1][0m[38;5;-5m[AndroidUiautomator2Driver@9a1a][0m Proxying [POST /element] to [POST http://127.0.0.1:8200/session/98ae6415-6f3a-4369-b09d-c24e23f4ec41/element] with body: {"strategy":"accessibility id","selector":"test-Password","context":"","multiple":false}
[38;5;133m[d3cd63a1][0m[38;5;-5m[AndroidUiautomator2Driver@9a1a][0m Got response with status 200: {"sessionId":"98ae6415-6f3a-4369-b09d-c24e23f4ec41","value":{"ELEMENT":"00000000-0000-0061-ffff-ffff0000002e","element-6066-11e4-a52e-4f735466cecf":"00000000-0000-0061-ffff-ffff0000002e"}}
[38;5;133m[d3cd63a1][0m[38;5;-5m[AndroidUiautomator2Driver@9a1a][0m Responding to client with driver.findElement() result: {"element-6066-11e4-a52e-4f735466cecf":"00000000-0000-0061-ffff-ffff0000002e","ELEMENT":"00000000-0000-0061-ffff-ffff0000002e"}
[38;5;133m[d3cd63a1][0m[38;5;86m[HTTP][0m [37m<-- POST /session/d3cd63a1-1ee6-4d19-be6a-7a0670d1dcb4/element [39m[32m200[39m [90m498 ms - 137[39m [90m[39m
[38;5;133m[d3cd63a1][0m[38;5;86m[HTTP][0m [37m-->[39m [37mPOST[39m [37m/session/d3cd63a1-1ee6-4d19-be6a-7a0670d1dcb4/element/00000000-0000-0061-ffff-ffff0000002e/clear[39m [90m{}[39m
[38;5;133m[d3cd63a1][0m[38;5;-5m[AndroidUiautomator2Driver@9a1a][0m Calling AppiumDriver.clear() with args: ["00000000-0000-0061-ffff-ffff0000002e","d3cd63a1-1ee6-4d19-be6a-7a0670d1dcb4"]
[38;5;133m[d3cd63a1][0m[38;5;-5m[AndroidUiautomator2Driver@9a1a][0m Matched '/element/00000000-0000-0061-ffff-ffff0000002e/clear' to command name 'clear'
[38;5;133m[d3cd63a1][0m[38;5;-5m[AndroidUiautomator2Driver@9a1a][0m Proxying [POST /element/00000000-0000-0061-ffff-ffff0000002e/clear] to [POST http://127.0.0.1:8200/session/98ae6415-6f3a-4369-b09d-c24e23f4ec41/element/00000000-0000-0061-ffff-ffff0000002e/clear] with body: {"elementId":"00000000-0000-0061-ffff-ffff0000002e"}
[38;5;133m[d3cd63a1][0m[38;5;-5m[AndroidUiautomator2Driver@9a1a][0m Got response with status 200: {"sessionId":"98ae6415-6f3a-4369-b09d-c24e23f4ec41","value":null}
[38;5;133m[d3cd63a1][0m[38;5;-5m[AndroidUiautomator2Driver@9a1a][0m Responding to client with driver.clear() result: null
[38;5;133m[d3cd63a1][0m[38;5;86m[HTTP][0m [37m<-- POST /session/d3cd63a1-1ee6-4d19-be6a-7a0670d1dcb4/element/00000000-0000-0061-ffff-ffff0000002e/clear [39m[32m200[39m [90m15 ms - 14[39m [90m[39m
[38;5;133m[d3cd63a1][0m[38;5;86m[HTTP][0m [37m-->[39m [37mPOST[39m [37m/session/d3cd63a1-1ee6-4d19-be6a-7a0670d1dcb4/element/00000000-0000-0061-ffff-ffff0000002e/value[39m [90m{"text":"secret_sauce"}[39m
[38;5;133m[d3cd63a1][0m[38;5;-5m[AndroidUiautomator2Driver@9a1a][0m Calling AppiumDriver.setValue() with args: ["secret_sauce","00000000-0000-0061-ffff-ffff0000002e","d3cd63a1-1ee6-4d19-be6a-7a0670d1dcb4"]
[38;5;133m[d3cd63a1][0m[38;5;-5m[AndroidUiautomator2Driver@9a1a][0m Matched '/element/00000000-0000-0061-ffff-ffff0000002e/value' to command name 'setValue'
[38;5;133m[d3cd63a1][0m[38;5;-5m[AndroidUiautomator2Driver@9a1a][0m Added 'value' property ["s","e","c","r","e","t","_","s","a","u","c","e"] to 'setValue' request body
[38;5;133m[d3cd63a1][0m[38;5;-5m[AndroidUiautomator2Driver@9a1a][0m Proxying [POST /element/00000000-0000-0061-ffff-ffff0000002e/value] to [POST http://127.0.0.1:8200/session/98ae6415-6f3a-4369-b09d-c24e23f4ec41/element/00000000-0000-0061-ffff-ffff0000002e/value] with body: {"elementId":"00000000-0000-0061-ffff-ffff0000002e","text":"secret_sauce","replace":false,"value":["s","e","c","r","e","t","_","s","a","u","c","e"]}
[38;5;133m[d3cd63a1][0m[38;5;-5m[AndroidUiautomator2Driver@9a1a][0m Got response with status 200: {"sessionId":"98ae6415-6f3a-4369-b09d-c24e23f4ec41","value":null}
[38;5;133m[d3cd63a1][0m[38;5;-5m[AndroidUiautomator2Driver@9a1a][0m Responding to client with driver.setValue() result: null
[38;5;133m[d3cd63a1][0m[38;5;86m[HTTP][0m [37m<-- POST /session/d3cd63a1-1ee6-4d19-be6a-7a0670d1dcb4/element/00000000-0000-0061-ffff-ffff0000002e/value [39m[32m200[39m [90m1004 ms - 14[39m [90m[39m
[38;5;133m[d3cd63a1][0m[38;5;86m[HTTP][0m [37m-->[39m [37mPOST[39m [37m/session/d3cd63a1-1ee6-4d19-be6a-7a0670d1dcb4/element[39m [90m{"using":"accessibility id","value":"test-LOGIN"}[39m
[38;5;133m[d3cd63a1][0m[38;5;-5m[AndroidUiautomator2Driver@9a1a][0m Calling AppiumDriver.findElement() with args: ["accessibility id","test-LOGIN","d3cd63a1-1ee6-4d19-be6a-7a0670d1dcb4"]
[38;5;133m[d3cd63a1][0m[38;5;-5m[AndroidUiautomator2Driver@9a1a][0m Valid locator strategies for this request: xpath, id, class name, accessibility id, css selector, -android uiautomator
[38;5;133m[d3cd63a1][0m[38;5;-5m[AndroidUiautomator2Driver@9a1a][0m Waiting up to 0 ms for condition
[38;5;133m[d3cd63a1][0m[38;5;-5m[AndroidUiautomator2Driver@9a1a][0m Matched '/element' to command name 'findElement'
[38;5;133m[d3cd63a1][0m[38;5;-5m[AndroidUiautomator2Driver@9a1a][0m Proxying [POST /element] to [POST http://127.0.0.1:8200/session/98ae6415-6f3a-4369-b09d-c24e23f4ec41/element] with body: {"strategy":"accessibility id","selector":"test-LOGIN","context":"","multiple":false}
[38;5;133m[d3cd63a1][0m[38;5;-5m[AndroidUiautomator2Driver@9a1a][0m Got response with status 200: {"sessionId":"98ae6415-6f3a-4369-b09d-c24e23f4ec41","value":{"ELEMENT":"00000000-0000-0061-ffff-ffff0000002f","element-6066-11e4-a52e-4f735466cecf":"00000000-0000-0061-ffff-ffff0000002f"}}
[38;5;133m[d3cd63a1][0m[38;5;-5m[AndroidUiautomator2Driver@9a1a][0m Responding to client with driver.findElement() result: {"element-6066-11e4-a52e-4f735466cecf":"00000000-0000-0061-ffff-ffff0000002f","ELEMENT":"00000000-0000-0061-ffff-ffff0000002f"}
[38;5;133m[d3cd63a1][0m[38;5;86m[HTTP][0m [37m<-- POST /session/d3cd63a1-1ee6-4d19-be6a-7a0670d1dcb4/element [39m[32m200[39m [90m501 ms - 137[39m [90m[39m
[38;5;133m[d3cd63a1][0m[38;5;86m[HTTP][0m [37m-->[39m [37mPOST[39m [37m/session/d3cd63a1-1ee6-4d19-be6a-7a0670d1dcb4/element/00000000-0000-0061-ffff-ffff0000002f/click[39m [90m{}[39m
[38;5;133m[d3cd63a1][0m[38;5;-5m[AndroidUiautomator2Driver@9a1a][0m Calling AppiumDriver.click() with args: ["00000000-0000-0061-ffff-ffff0000002f","d3cd63a1-1ee6-4d19-be6a-7a0670d1dcb4"]
[38;5;133m[d3cd63a1][0m[38;5;-5m[AndroidUiautomator2Driver@9a1a][0m Matched '/element/00000000-0000-0061-ffff-ffff0000002f/click' to command name 'click'
[38;5;133m[d3cd63a1][0m[38;5;-5m[AndroidUiautomator2Driver@9a1a][0m Proxying [POST /element/00000000-0000-0061-ffff-ffff0000002f/click] to [POST http://127.0.0.1:8200/session/98ae6415-6f3a-4369-b09d-c24e23f4ec41/element/00000000-0000-0061-ffff-ffff0000002f/click] with body: {"element":"00000000-0000-0061-ffff-ffff0000002f"}
[38;5;133m[d3cd63a1][0m[38;5;-5m[AndroidUiautomator2Driver@9a1a][0m Got response with status 200: {"sessionId":"98ae6415-6f3a-4369-b09d-c24e23f4ec41","value":null}
[38;5;133m[d3cd63a1][0m[38;5;-5m[AndroidUiautomator2Driver@9a1a][0m Responding to client with driver.click() result: null
[38;5;133m[d3cd63a1][0m[38;5;86m[HTTP][0m [37m<-- POST /session/d3cd63a1-1ee6-4d19-be6a-7a0670d1dcb4/element/00000000-0000-0061-ffff-ffff0000002f/click [39m[32m200[39m [90m60 ms - 14[39m [90m[39m
[38;5;133m[d3cd63a1][0m[38;5;86m[HTTP][0m [37m-->[39m [37mPOST[39m [37m/session/d3cd63a1-1ee6-4d19-be6a-7a0670d1dcb4/element[39m [90m{"using":"xpath","value":"//android.widget.TextView[@text='PRODUCTS']"}[39m
[38;5;133m[d3cd63a1][0m[38;5;-5m[AndroidUiautomator2Driver@9a1a][0m Calling AppiumDriver.findElement() with args: ["xpath","//android.widget.TextView[@text='PRODUCTS']","d3cd63a1-1ee6-4d19-be6a-7a0670d1dcb4"]
[38;5;133m[d3cd63a1][0m[38;5;-5m[AndroidUiautomator2Driver@9a1a][0m Valid locator strategies for this request: xpath, id, class name, accessibility id, css selector, -android uiautomator
[38;5;133m[d3cd63a1][0m[38;5;-5m[AndroidUiautomator2Driver@9a1a][0m Waiting up to 0 ms for condition
[38;5;133m[d3cd63a1][0m[38;5;-5m[AndroidUiautomator2Driver@9a1a][0m Matched '/element' to command name 'findElement'
[38;5;133m[d3cd63a1][0m[38;5;-5m[AndroidUiautomator2Driver@9a1a][0m Proxying [POST /element] to [POST http://127.0.0.1:8200/session/98ae6415-6f3a-4369-b09d-c24e23f4ec41/element] with body: {"strategy":"xpath","selector":"//android.widget.TextView[@text='PRODUCTS']","context":"","multiple":false}
[38;5;133m[d3cd63a1][0m[38;5;-5m[AndroidUiautomator2Driver@9a1a][0m Got response with status 200: {"sessionId":"98ae6415-6f3a-4369-b09d-c24e23f4ec41","value":{"ELEMENT":"00000000-0000-0061-ffff-ffff00000042","element-6066-11e4-a52e-4f735466cecf":"00000000-0000-0061-ffff-ffff00000042"}}
[38;5;133m[d3cd63a1][0m[38;5;-5m[AndroidUiautomator2Driver@9a1a][0m Responding to client with driver.findElement() result: {"element-6066-11e4-a52e-4f735466cecf":"00000000-0000-0061-ffff-ffff00000042","ELEMENT":"00000000-0000-0061-ffff-ffff00000042"}
[38;5;133m[d3cd63a1][0m[38;5;86m[HTTP][0m [37m<-- POST /session/d3cd63a1-1ee6-4d19-be6a-7a0670d1dcb4/element [39m[32m200[39m [90m680 ms - 137[39m [90m[39m
[38;5;133m[d3cd63a1][0m[38;5;86m[HTTP][0m [37m-->[39m [37mPOST[39m [37m/session/d3cd63a1-1ee6-4d19-be6a-7a0670d1dcb4/elements[39m [90m{"using":"xpath","value":"//android.widget.TextView[@text='PRODUCTS']"}[39m
[38;5;133m[d3cd63a1][0m[38;5;-5m[AndroidUiautomator2Driver@9a1a][0m Calling AppiumDriver.findElements() with args: ["xpath","//android.widget.TextView[@text='PRODUCTS']","d3cd63a1-1ee6-4d19-be6a-7a0670d1dcb4"]
[38;5;133m[d3cd63a1][0m[38;5;-5m[AndroidUiautomator2Driver@9a1a][0m Valid locator strategies for this request: xpath, id, class name, accessibility id, css selector, -android uiautomator
[38;5;133m[d3cd63a1][0m[38;5;-5m[AndroidUiautomator2Driver@9a1a][0m Waiting up to 0 ms for condition
[38;5;133m[d3cd63a1][0m[38;5;-5m[AndroidUiautomator2Driver@9a1a][0m Matched '/elements' to command name 'findElements'
[38;5;133m[d3cd63a1][0m[38;5;-5m[AndroidUiautomator2Driver@9a1a][0m Proxying [POST /elements] to [POST http://127.0.0.1:8200/session/98ae6415-6f3a-4369-b09d-c24e23f4ec41/elements] with body: {"strategy":"xpath","selector":"//android.widget.TextView[@text='PRODUCTS']","context":"","multiple":true}
[38;5;133m[d3cd63a1][0m[38;5;-5m[AndroidUiautomator2Driver@9a1a][0m Got response with status 200: {"sessionId":"98ae6415-6f3a-4369-b09d-c24e23f4ec41","value":[{"ELEMENT":"00000000-0000-0061-ffff-ffff00000042","element-6066-11e4-a52e-4f735466cecf":"00000000-0000-0061-ffff-ffff00000042"}]}
[38;5;133m[d3cd63a1][0m[38;5;-5m[AndroidUiautomator2Driver@9a1a][0m Responding to client with driver.findElements() result: [{"element-6066-11e4-a52e-4f735466cecf":"00000000-0000-0061-ffff-ffff00000042","ELEMENT":"00000000-0000-0061-ffff-ffff00000042"}]
[38;5;133m[d3cd63a1][0m[38;5;86m[HTTP][0m [37m<-- POST /session/d3cd63a1-1ee6-4d19-be6a-7a0670d1dcb4/elements [39m[32m200[39m [90m475 ms - 139[39m [90m[39m
[38;5;133m[d3cd63a1][0m[38;5;86m[HTTP][0m [37m-->[39m [37mDELETE[39m [37m/session/d3cd63a1-1ee6-4d19-be6a-7a0670d1dcb4[39m [90m{}[39m
[38;5;133m[d3cd63a1][0m[38;5;-5m[AndroidUiautomator2Driver@9a1a][0m Calling AppiumDriver.deleteSession() with args: ["d3cd63a1-1ee6-4d19-be6a-7a0670d1dcb4"]
[38;5;133m[d3cd63a1][0m[38;5;25m[AppiumDriver@afc5][0m Event 'quitSessionRequested' logged at 1719046325927 (14:22:05 GMT+0530 (India Standard Time))
[38;5;133m[d3cd63a1][0m[38;5;25m[AppiumDriver@afc5][0m Removing session d3cd63a1-1ee6-4d19-be6a-7a0670d1dcb4 from our master session list
[38;5;133m[d3cd63a1][0m[38;5;-5m[AndroidUiautomator2Driver@9a1a][0m Deleting UiAutomator2 session
[38;5;133m[d3cd63a1][0m[38;5;-5m[AndroidUiautomator2Driver@9a1a][0m Deleting UiAutomator2 server session
[38;5;133m[d3cd63a1][0m[38;5;-5m[AndroidUiautomator2Driver@9a1a][0m Matched '/' to command name 'deleteSession'
[38;5;133m[d3cd63a1][0m[38;5;-5m[AndroidUiautomator2Driver@9a1a][0m Proxying [DELETE /] to [DELETE http://127.0.0.1:8200/session/98ae6415-6f3a-4369-b09d-c24e23f4ec41] with no body
[38;5;133m[d3cd63a1][0m[38;5;-5m[AndroidUiautomator2Driver@9a1a][0m Got response with status 200: {"sessionId":"98ae6415-6f3a-4369-b09d-c24e23f4ec41","value":null}
[38;5;133m[d3cd63a1][0m[38;5;229m[ADB][0m Running 'C:\Users\Prashant\AppData\Local\Android\Sdk\platform-tools\adb.exe -P 5037 -s emulator-5554 shell dumpsys activity services io.appium.settings/.recorder.RecorderService'
[38;5;133m[d3cd63a1][0m[38;5;229m[ADB][0m Running 'C:\Users\Prashant\AppData\Local\Android\Sdk\platform-tools\adb.exe -P 5037 -s emulator-5554 shell am force-stop com.swaglabsmobileapp'
[38;5;133m[d3cd63a1][0m[38;5;-5m[AndroidUiautomator2Driver@9a1a][0m Capability 'fullReset' set to 'true', Uninstalling 'com.swaglabsmobileapp'
[38;5;133m[d3cd63a1][0m[38;5;229m[ADB][0m Uninstalling com.swaglabsmobileapp
[38;5;133m[d3cd63a1][0m[38;5;229m[ADB][0m Getting install status for com.swaglabsmobileapp
[38;5;133m[d3cd63a1][0m[38;5;229m[ADB][0m Running 'C:\Users\Prashant\AppData\Local\Android\Sdk\platform-tools\adb.exe -P 5037 -s emulator-5554 shell cmd package list packages'
[38;5;133m[d3cd63a1][0m[38;5;229m[ADB][0m 'com.swaglabsmobileapp' is installed
[38;5;133m[d3cd63a1][0m[38;5;229m[ADB][0m Running 'C:\Users\Prashant\AppData\Local\Android\Sdk\platform-tools\adb.exe -P 5037 -s emulator-5554 shell am force-stop com.swaglabsmobileapp'
[38;5;74m[Instrumentation][0m .
[38;5;74m[Instrumentation][0m Time: 10.059

OK (1 test)
[38;5;74m[Instrumentation][0m The process has exited with code 0
[38;5;133m[d3cd63a1][0m[38;5;229m[ADB][0m Running 'C:\Users\Prashant\AppData\Local\Android\Sdk\platform-tools\adb.exe -P 5037 -s emulator-5554 uninstall com.swaglabsmobileapp'
[38;5;133m[d3cd63a1][0m[38;5;229m[ADB][0m 'adb uninstall com.swaglabsmobileapp' command output: Success
[38;5;133m[d3cd63a1][0m[38;5;229m[ADB][0m com.swaglabsmobileapp was successfully uninstalled
[38;5;133m[d3cd63a1][0m[38;5;160m[Logcat][0m Stopping logcat capture
[38;5;133m[d3cd63a1][0m[38;5;229m[ADB][0m Removing forwarded port socket connection: 8200 
[38;5;133m[d3cd63a1][0m[38;5;229m[ADB][0m Running 'C:\Users\Prashant\AppData\Local\Android\Sdk\platform-tools\adb.exe -P 5037 -s emulator-5554 forward --remove tcp:8200'
[38;5;133m[d3cd63a1][0m[38;5;-5m[AndroidUiautomator2Driver@9a1a][0m Restoring hidden api policy to the device default configuration
[38;5;133m[d3cd63a1][0m[38;5;229m[ADB][0m Running 'C:\Users\Prashant\AppData\Local\Android\Sdk\platform-tools\adb.exe -P 5037 -s emulator-5554 shell 'settings delete global hidden_api_policy_pre_p_apps;settings delete global hidden_api_policy_p_apps;settings delete global hidden_api_policy''
[38;5;133m[d3cd63a1][0m[38;5;25m[AppiumDriver@afc5][0m Event 'quitSessionFinished' logged at 1719046326741 (14:22:06 GMT+0530 (India Standard Time))
[38;5;133m[d3cd63a1][0m[38;5;25m[AppiumDriver@afc5][0m Received response: null
[38;5;133m[d3cd63a1][0m[38;5;25m[AppiumDriver@afc5][0m But deleting session, so not returning
[38;5;133m[d3cd63a1][0m[38;5;25m[AppiumDriver@afc5][0m Responding to client with driver.deleteSession() result: null
[38;5;133m[d3cd63a1][0m[38;5;86m[HTTP][0m [37m<-- DELETE /session/d3cd63a1-1ee6-4d19-be6a-7a0670d1dcb4 [39m[32m200[39m [90m816 ms - 14[39m [90m[39m
